{"numTotalTestSuites":1,"numPassedTestSuites":1,"numFailedTestSuites":0,"numPendingTestSuites":0,"numTotalTests":2,"numPassedTests":1,"numFailedTests":0,"numPendingTests":1,"numTodoTests":0,"startTime":100,"success":true,"testResults":[{"assertionResults":[{"ancestorTitles":[],"fullName":"selected test","status":"passed","title":"selected test","duration":1,"failureMessages":[]},{"ancestorTitles":[],"fullName":"unrelated test","status":"pending","title":"unrelated test","failureMessages":[]}],"startTime":100,"endTime":110,"status":"passed","message":"","name":"/fixture/example.test.ts"}]}
